<?xml version="1.0" encoding="UTF-8"?>
<testsuite xmlns:xsi="http://www.w3.org/2001/XMLSchema-instance" xsi:noNamespaceSchemaLocation="https://maven.apache.org/surefire/maven-surefire-plugin/xsd/surefire-test-report.xsd" version="3.0.2" name="com.pcabrera.hotel_search.application.service.SearchValidatorServiceTest" time="0.016" tests="3" errors="0" skipped="0" failures="0" flakes="0">
  <properties>
[...]
</properties>
  <testcase name="shouldThrowExceptionWhenCheckInIsAfterCheckOut" classname="com.pcabrera.hotel_search.application.service.SearchValidatorServiceTest" time="0.005"/>
  <testcase name="shouldThrowExceptionWhenCheckInEqualsCheckOut" classname="com.pcabrera.hotel_search.application.service.SearchValidatorServiceTest" time="0.004"/>
  <testcase name="shouldValidateSuccessfullyWhenDatesAreValid" classname="com.pcabrera.hotel_search.application.service.SearchValidatorServiceTest" time="0.003"/>
</testsuite>